\BOOKMARK [0][-]{chapter.1}{\376\377\0001\000\040\000A\000s\000t\000\351\000r\000o\000\357\000d\000e\000s\000\040\000D\000o\000c\000u\000m\000e\000n\000t\000a\000t\000i\000o\000n}{}% 1
\BOOKMARK [1][-]{section.1.1}{\376\377\0001\000.\0001\000\040\000D\000e\000s\000c\000r\000i\000p\000t\000i\000o\000n}{chapter.1}% 2
\BOOKMARK [0][-]{chapter.2}{\376\377\0002\000\040\000H\000i\000e\000r\000a\000r\000c\000h\000i\000c\000a\000l\000\040\000I\000n\000d\000e\000x}{}% 3
\BOOKMARK [1][-]{section.2.1}{\376\377\0002\000.\0001\000\040\000C\000l\000a\000s\000s\000\040\000H\000i\000e\000r\000a\000r\000c\000h\000y}{chapter.2}% 4
\BOOKMARK [0][-]{chapter.3}{\376\377\0003\000\040\000C\000l\000a\000s\000s\000\040\000I\000n\000d\000e\000x}{}% 5
\BOOKMARK [1][-]{section.3.1}{\376\377\0003\000.\0001\000\040\000C\000l\000a\000s\000s\000\040\000L\000i\000s\000t}{chapter.3}% 6
\BOOKMARK [0][-]{chapter.4}{\376\377\0004\000\040\000F\000i\000l\000e\000\040\000I\000n\000d\000e\000x}{}% 7
\BOOKMARK [1][-]{section.4.1}{\376\377\0004\000.\0001\000\040\000F\000i\000l\000e\000\040\000L\000i\000s\000t}{chapter.4}% 8
\BOOKMARK [0][-]{chapter.5}{\376\377\0005\000\040\000C\000l\000a\000s\000s\000\040\000D\000o\000c\000u\000m\000e\000n\000t\000a\000t\000i\000o\000n}{}% 9
\BOOKMARK [1][-]{section.5.1}{\376\377\0005\000.\0001\000\040\000A\000n\000i\000m\000a\000t\000i\000o\000n\000\040\000C\000l\000a\000s\000s\000\040\000R\000e\000f\000e\000r\000e\000n\000c\000e}{chapter.5}% 10
\BOOKMARK [2][-]{subsection.5.1.1}{\376\377\0005\000.\0001\000.\0001\000\040\000D\000e\000t\000a\000i\000l\000e\000d\000\040\000D\000e\000s\000c\000r\000i\000p\000t\000i\000o\000n}{section.5.1}% 11
\BOOKMARK [2][-]{subsection.5.1.2}{\376\377\0005\000.\0001\000.\0002\000\040\000C\000o\000n\000s\000t\000r\000u\000c\000t\000o\000r\000\040\000\046\000\040\000D\000e\000s\000t\000r\000u\000c\000t\000o\000r\000\040\000D\000o\000c\000u\000m\000e\000n\000t\000a\000t\000i\000o\000n}{section.5.1}% 12
\BOOKMARK [3][-]{subsubsection.5.1.2.1}{\376\377\0005\000.\0001\000.\0002\000.\0001\000\040\000A\000n\000i\000m\000a\000t\000i\000o\000n\000\050\000\051\000\040\000[\0001\000/\0002\000]}{subsection.5.1.2}% 13
\BOOKMARK [3][-]{subsubsection.5.1.2.2}{\376\377\0005\000.\0001\000.\0002\000.\0002\000\040\000A\000n\000i\000m\000a\000t\000i\000o\000n\000\050\000\051\000\040\000[\0002\000/\0002\000]}{subsection.5.1.2}% 14
\BOOKMARK [2][-]{subsection.5.1.3}{\376\377\0005\000.\0001\000.\0003\000\040\000M\000e\000m\000b\000e\000r\000\040\000F\000u\000n\000c\000t\000i\000o\000n\000\040\000D\000o\000c\000u\000m\000e\000n\000t\000a\000t\000i\000o\000n}{section.5.1}% 15
\BOOKMARK [3][-]{subsubsection.5.1.3.1}{\376\377\0005\000.\0001\000.\0003\000.\0001\000\040\000i\000s\000E\000n\000d\000\050\000\051}{subsection.5.1.3}% 16
\BOOKMARK [3][-]{subsubsection.5.1.3.2}{\376\377\0005\000.\0001\000.\0003\000.\0002\000\040\000u\000p\000d\000a\000t\000e\000\050\000\051}{subsection.5.1.3}% 17
\BOOKMARK [2][-]{subsection.5.1.4}{\376\377\0005\000.\0001\000.\0004\000\040\000M\000e\000m\000b\000e\000r\000\040\000D\000a\000t\000a\000\040\000D\000o\000c\000u\000m\000e\000n\000t\000a\000t\000i\000o\000n}{section.5.1}% 18
\BOOKMARK [3][-]{subsubsection.5.1.4.1}{\376\377\0005\000.\0001\000.\0004\000.\0001\000\040\000F\000r\000a\000m\000e}{subsection.5.1.4}% 19
\BOOKMARK [3][-]{subsubsection.5.1.4.2}{\376\377\0005\000.\0001\000.\0004\000.\0002\000\040\000f\000r\000a\000m\000e\000s}{subsection.5.1.4}% 20
\BOOKMARK [3][-]{subsubsection.5.1.4.3}{\376\377\0005\000.\0001\000.\0004\000.\0003\000\040\000s\000p\000e\000e\000d}{subsection.5.1.4}% 21
\BOOKMARK [3][-]{subsubsection.5.1.4.4}{\376\377\0005\000.\0001\000.\0004\000.\0004\000\040\000s\000p\000r\000i\000t\000e}{subsection.5.1.4}% 22
\BOOKMARK [1][-]{section.5.2}{\376\377\0005\000.\0002\000\040\000a\000s\000t\000e\000r\000o\000i\000d\000e\000\040\000C\000l\000a\000s\000s\000\040\000R\000e\000f\000e\000r\000e\000n\000c\000e}{chapter.5}% 23
\BOOKMARK [2][-]{subsection.5.2.1}{\376\377\0005\000.\0002\000.\0001\000\040\000D\000e\000t\000a\000i\000l\000e\000d\000\040\000D\000e\000s\000c\000r\000i\000p\000t\000i\000o\000n}{section.5.2}% 24
\BOOKMARK [2][-]{subsection.5.2.2}{\376\377\0005\000.\0002\000.\0002\000\040\000C\000o\000n\000s\000t\000r\000u\000c\000t\000o\000r\000\040\000\046\000\040\000D\000e\000s\000t\000r\000u\000c\000t\000o\000r\000\040\000D\000o\000c\000u\000m\000e\000n\000t\000a\000t\000i\000o\000n}{section.5.2}% 25
\BOOKMARK [3][-]{subsubsection.5.2.2.1}{\376\377\0005\000.\0002\000.\0002\000.\0001\000\040\000a\000s\000t\000e\000r\000o\000i\000d\000e\000\050\000\051}{subsection.5.2.2}% 26
\BOOKMARK [2][-]{subsection.5.2.3}{\376\377\0005\000.\0002\000.\0003\000\040\000M\000e\000m\000b\000e\000r\000\040\000F\000u\000n\000c\000t\000i\000o\000n\000\040\000D\000o\000c\000u\000m\000e\000n\000t\000a\000t\000i\000o\000n}{section.5.2}% 27
\BOOKMARK [3][-]{subsubsection.5.2.3.1}{\376\377\0005\000.\0002\000.\0003\000.\0001\000\040\000u\000p\000d\000a\000t\000e\000\050\000\051}{subsection.5.2.3}% 28
\BOOKMARK [1][-]{section.5.3}{\376\377\0005\000.\0003\000\040\000E\000n\000t\000i\000t\000e\000\040\000C\000l\000a\000s\000s\000\040\000R\000e\000f\000e\000r\000e\000n\000c\000e}{chapter.5}% 29
\BOOKMARK [2][-]{subsection.5.3.1}{\376\377\0005\000.\0003\000.\0001\000\040\000D\000e\000t\000a\000i\000l\000e\000d\000\040\000D\000e\000s\000c\000r\000i\000p\000t\000i\000o\000n}{section.5.3}% 30
\BOOKMARK [2][-]{subsection.5.3.2}{\376\377\0005\000.\0003\000.\0002\000\040\000C\000o\000n\000s\000t\000r\000u\000c\000t\000o\000r\000\040\000\046\000\040\000D\000e\000s\000t\000r\000u\000c\000t\000o\000r\000\040\000D\000o\000c\000u\000m\000e\000n\000t\000a\000t\000i\000o\000n}{section.5.3}% 31
\BOOKMARK [3][-]{subsubsection.5.3.2.1}{\376\377\0005\000.\0003\000.\0002\000.\0001\000\040\000E\000n\000t\000i\000t\000e\000\050\000\051}{subsection.5.3.2}% 32
\BOOKMARK [3][-]{subsubsection.5.3.2.2}{\376\377\0005\000.\0003\000.\0002\000.\0002\000\040\000~\000E\000n\000t\000i\000t\000e\000\050\000\051}{subsection.5.3.2}% 33
\BOOKMARK [2][-]{subsection.5.3.3}{\376\377\0005\000.\0003\000.\0003\000\040\000M\000e\000m\000b\000e\000r\000\040\000F\000u\000n\000c\000t\000i\000o\000n\000\040\000D\000o\000c\000u\000m\000e\000n\000t\000a\000t\000i\000o\000n}{section.5.3}% 34
\BOOKMARK [3][-]{subsubsection.5.3.3.1}{\376\377\0005\000.\0003\000.\0003\000.\0001\000\040\000d\000r\000a\000w\000\050\000\051}{subsection.5.3.3}% 35
\BOOKMARK [3][-]{subsubsection.5.3.3.2}{\376\377\0005\000.\0003\000.\0003\000.\0002\000\040\000g\000e\000t\000a\000n\000g\000l\000e\000\050\000\051}{subsection.5.3.3}% 36
\BOOKMARK [3][-]{subsubsection.5.3.3.3}{\376\377\0005\000.\0003\000.\0003\000.\0003\000\040\000g\000e\000t\000A\000n\000i\000m\000\050\000\051}{subsection.5.3.3}% 37
\BOOKMARK [3][-]{subsubsection.5.3.3.4}{\376\377\0005\000.\0003\000.\0003\000.\0004\000\040\000g\000e\000t\000L\000i\000f\000e\000\050\000\051}{subsection.5.3.3}% 38
\BOOKMARK [3][-]{subsubsection.5.3.3.5}{\376\377\0005\000.\0003\000.\0003\000.\0005\000\040\000g\000e\000t\000N\000a\000m\000e\000\050\000\051}{subsection.5.3.3}% 39
\BOOKMARK [3][-]{subsubsection.5.3.3.6}{\376\377\0005\000.\0003\000.\0003\000.\0006\000\040\000g\000e\000t\000R\000\050\000\051}{subsection.5.3.3}% 40
\BOOKMARK [3][-]{subsubsection.5.3.3.7}{\376\377\0005\000.\0003\000.\0003\000.\0007\000\040\000g\000e\000t\000T\000e\000a\000m\000\050\000\051}{subsection.5.3.3}% 41
\BOOKMARK [3][-]{subsubsection.5.3.3.8}{\376\377\0005\000.\0003\000.\0003\000.\0008\000\040\000g\000e\000t\000v\000x\000\050\000\051}{subsection.5.3.3}% 42
\BOOKMARK [3][-]{subsubsection.5.3.3.9}{\376\377\0005\000.\0003\000.\0003\000.\0009\000\040\000g\000e\000t\000v\000y\000\050\000\051}{subsection.5.3.3}% 43
\BOOKMARK [3][-]{subsubsection.5.3.3.10}{\376\377\0005\000.\0003\000.\0003\000.\0001\0000\000\040\000g\000e\000t\000x\000\050\000\051}{subsection.5.3.3}% 44
\BOOKMARK [3][-]{subsubsection.5.3.3.11}{\376\377\0005\000.\0003\000.\0003\000.\0001\0001\000\040\000g\000e\000t\000y\000\050\000\051}{subsection.5.3.3}% 45
\BOOKMARK [3][-]{subsubsection.5.3.3.12}{\376\377\0005\000.\0003\000.\0003\000.\0001\0002\000\040\000s\000e\000t\000a\000n\000g\000l\000e\000\050\000\051}{subsection.5.3.3}% 46
\BOOKMARK [3][-]{subsubsection.5.3.3.13}{\376\377\0005\000.\0003\000.\0003\000.\0001\0003\000\040\000s\000e\000t\000A\000n\000i\000m\000\050\000\051}{subsection.5.3.3}% 47
\BOOKMARK [3][-]{subsubsection.5.3.3.14}{\376\377\0005\000.\0003\000.\0003\000.\0001\0004\000\040\000s\000e\000t\000L\000i\000f\000e\000\050\000\051}{subsection.5.3.3}% 48
\BOOKMARK [3][-]{subsubsection.5.3.3.15}{\376\377\0005\000.\0003\000.\0003\000.\0001\0005\000\040\000s\000e\000t\000N\000a\000m\000e\000\050\000\051}{subsection.5.3.3}% 49
\BOOKMARK [3][-]{subsubsection.5.3.3.16}{\376\377\0005\000.\0003\000.\0003\000.\0001\0006\000\040\000s\000e\000t\000R\000\050\000\051}{subsection.5.3.3}% 50
\BOOKMARK [3][-]{subsubsection.5.3.3.17}{\376\377\0005\000.\0003\000.\0003\000.\0001\0007\000\040\000s\000e\000t\000T\000e\000a\000m\000\050\000\051}{subsection.5.3.3}% 51
\BOOKMARK [3][-]{subsubsection.5.3.3.18}{\376\377\0005\000.\0003\000.\0003\000.\0001\0008\000\040\000s\000e\000t\000t\000i\000n\000g\000s\000\050\000\051}{subsection.5.3.3}% 52
\BOOKMARK [3][-]{subsubsection.5.3.3.19}{\376\377\0005\000.\0003\000.\0003\000.\0001\0009\000\040\000s\000e\000t\000v\000x\000\050\000\051}{subsection.5.3.3}% 53
\BOOKMARK [3][-]{subsubsection.5.3.3.20}{\376\377\0005\000.\0003\000.\0003\000.\0002\0000\000\040\000s\000e\000t\000v\000y\000\050\000\051}{subsection.5.3.3}% 54
\BOOKMARK [3][-]{subsubsection.5.3.3.21}{\376\377\0005\000.\0003\000.\0003\000.\0002\0001\000\040\000s\000e\000t\000x\000\050\000\051}{subsection.5.3.3}% 55
\BOOKMARK [3][-]{subsubsection.5.3.3.22}{\376\377\0005\000.\0003\000.\0003\000.\0002\0002\000\040\000s\000e\000t\000y\000\050\000\051}{subsection.5.3.3}% 56
\BOOKMARK [3][-]{subsubsection.5.3.3.23}{\376\377\0005\000.\0003\000.\0003\000.\0002\0003\000\040\000u\000p\000d\000a\000t\000e\000\050\000\051}{subsection.5.3.3}% 57
\BOOKMARK [1][-]{section.5.4}{\376\377\0005\000.\0004\000\040\000G\000a\000m\000e\000O\000v\000e\000r\000M\000u\000l\000t\000i\000S\000c\000r\000e\000e\000n\000\040\000C\000l\000a\000s\000s\000\040\000R\000e\000f\000e\000r\000e\000n\000c\000e}{chapter.5}% 58
\BOOKMARK [2][-]{subsection.5.4.1}{\376\377\0005\000.\0004\000.\0001\000\040\000D\000e\000t\000a\000i\000l\000e\000d\000\040\000D\000e\000s\000c\000r\000i\000p\000t\000i\000o\000n}{section.5.4}% 59
\BOOKMARK [2][-]{subsection.5.4.2}{\376\377\0005\000.\0004\000.\0002\000\040\000C\000o\000n\000s\000t\000r\000u\000c\000t\000o\000r\000\040\000\046\000\040\000D\000e\000s\000t\000r\000u\000c\000t\000o\000r\000\040\000D\000o\000c\000u\000m\000e\000n\000t\000a\000t\000i\000o\000n}{section.5.4}% 60
\BOOKMARK [3][-]{subsubsection.5.4.2.1}{\376\377\0005\000.\0004\000.\0002\000.\0001\000\040\000G\000a\000m\000e\000O\000v\000e\000r\000M\000u\000l\000t\000i\000S\000c\000r\000e\000e\000n\000\050\000\051}{subsection.5.4.2}% 61
\BOOKMARK [2][-]{subsection.5.4.3}{\376\377\0005\000.\0004\000.\0003\000\040\000M\000e\000m\000b\000e\000r\000\040\000F\000u\000n\000c\000t\000i\000o\000n\000\040\000D\000o\000c\000u\000m\000e\000n\000t\000a\000t\000i\000o\000n}{section.5.4}% 62
\BOOKMARK [3][-]{subsubsection.5.4.3.1}{\376\377\0005\000.\0004\000.\0003\000.\0001\000\040\000d\000r\000a\000w\000\050\000\051}{subsection.5.4.3}% 63
\BOOKMARK [1][-]{section.5.5}{\376\377\0005\000.\0005\000\040\000G\000a\000m\000e\000O\000v\000e\000r\000S\000c\000r\000e\000e\000n\000\040\000C\000l\000a\000s\000s\000\040\000R\000e\000f\000e\000r\000e\000n\000c\000e}{chapter.5}% 64
\BOOKMARK [2][-]{subsection.5.5.1}{\376\377\0005\000.\0005\000.\0001\000\040\000D\000e\000t\000a\000i\000l\000e\000d\000\040\000D\000e\000s\000c\000r\000i\000p\000t\000i\000o\000n}{section.5.5}% 65
\BOOKMARK [2][-]{subsection.5.5.2}{\376\377\0005\000.\0005\000.\0002\000\040\000C\000o\000n\000s\000t\000r\000u\000c\000t\000o\000r\000\040\000\046\000\040\000D\000e\000s\000t\000r\000u\000c\000t\000o\000r\000\040\000D\000o\000c\000u\000m\000e\000n\000t\000a\000t\000i\000o\000n}{section.5.5}% 66
\BOOKMARK [3][-]{subsubsection.5.5.2.1}{\376\377\0005\000.\0005\000.\0002\000.\0001\000\040\000G\000a\000m\000e\000O\000v\000e\000r\000S\000c\000r\000e\000e\000n\000\050\000\051}{subsection.5.5.2}% 67
\BOOKMARK [2][-]{subsection.5.5.3}{\376\377\0005\000.\0005\000.\0003\000\040\000M\000e\000m\000b\000e\000r\000\040\000F\000u\000n\000c\000t\000i\000o\000n\000\040\000D\000o\000c\000u\000m\000e\000n\000t\000a\000t\000i\000o\000n}{section.5.5}% 68
\BOOKMARK [3][-]{subsubsection.5.5.3.1}{\376\377\0005\000.\0005\000.\0003\000.\0001\000\040\000d\000r\000a\000w\000\050\000\051}{subsection.5.5.3}% 69
\BOOKMARK [1][-]{section.5.6}{\376\377\0005\000.\0006\000\040\000M\000e\000n\000u\000\040\000C\000l\000a\000s\000s\000\040\000R\000e\000f\000e\000r\000e\000n\000c\000e}{chapter.5}% 70
\BOOKMARK [2][-]{subsection.5.6.1}{\376\377\0005\000.\0006\000.\0001\000\040\000D\000e\000t\000a\000i\000l\000e\000d\000\040\000D\000e\000s\000c\000r\000i\000p\000t\000i\000o\000n}{section.5.6}% 71
\BOOKMARK [2][-]{subsection.5.6.2}{\376\377\0005\000.\0006\000.\0002\000\040\000C\000o\000n\000s\000t\000r\000u\000c\000t\000o\000r\000\040\000\046\000\040\000D\000e\000s\000t\000r\000u\000c\000t\000o\000r\000\040\000D\000o\000c\000u\000m\000e\000n\000t\000a\000t\000i\000o\000n}{section.5.6}% 72
\BOOKMARK [3][-]{subsubsection.5.6.2.1}{\376\377\0005\000.\0006\000.\0002\000.\0001\000\040\000M\000e\000n\000u\000\050\000\051}{subsection.5.6.2}% 73
\BOOKMARK [2][-]{subsection.5.6.3}{\376\377\0005\000.\0006\000.\0003\000\040\000M\000e\000m\000b\000e\000r\000\040\000F\000u\000n\000c\000t\000i\000o\000n\000\040\000D\000o\000c\000u\000m\000e\000n\000t\000a\000t\000i\000o\000n}{section.5.6}% 74
\BOOKMARK [3][-]{subsubsection.5.6.3.1}{\376\377\0005\000.\0006\000.\0003\000.\0001\000\040\000r\000u\000n\000\050\000\051}{subsection.5.6.3}% 75
\BOOKMARK [1][-]{section.5.7}{\376\377\0005\000.\0007\000\040\000p\000l\000a\000y\000e\000r\000\040\000C\000l\000a\000s\000s\000\040\000R\000e\000f\000e\000r\000e\000n\000c\000e}{chapter.5}% 76
\BOOKMARK [2][-]{subsection.5.7.1}{\376\377\0005\000.\0007\000.\0001\000\040\000D\000e\000t\000a\000i\000l\000e\000d\000\040\000D\000e\000s\000c\000r\000i\000p\000t\000i\000o\000n}{section.5.7}% 77
\BOOKMARK [2][-]{subsection.5.7.2}{\376\377\0005\000.\0007\000.\0002\000\040\000C\000o\000n\000s\000t\000r\000u\000c\000t\000o\000r\000\040\000\046\000\040\000D\000e\000s\000t\000r\000u\000c\000t\000o\000r\000\040\000D\000o\000c\000u\000m\000e\000n\000t\000a\000t\000i\000o\000n}{section.5.7}% 78
\BOOKMARK [3][-]{subsubsection.5.7.2.1}{\376\377\0005\000.\0007\000.\0002\000.\0001\000\040\000p\000l\000a\000y\000e\000r\000\050\000\051}{subsection.5.7.2}% 79
\BOOKMARK [2][-]{subsection.5.7.3}{\376\377\0005\000.\0007\000.\0003\000\040\000M\000e\000m\000b\000e\000r\000\040\000F\000u\000n\000c\000t\000i\000o\000n\000\040\000D\000o\000c\000u\000m\000e\000n\000t\000a\000t\000i\000o\000n}{section.5.7}% 80
\BOOKMARK [3][-]{subsubsection.5.7.3.1}{\376\377\0005\000.\0007\000.\0003\000.\0001\000\040\000d\000r\000a\000w\000\137\000b\000o\000u\000c\000l\000i\000e\000r\000\050\000\051}{subsection.5.7.3}% 81
\BOOKMARK [3][-]{subsubsection.5.7.3.2}{\376\377\0005\000.\0007\000.\0003\000.\0002\000\040\000u\000p\000d\000a\000t\000e\000\050\000\051}{subsection.5.7.3}% 82
\BOOKMARK [2][-]{subsection.5.7.4}{\376\377\0005\000.\0007\000.\0004\000\040\000M\000e\000m\000b\000e\000r\000\040\000D\000a\000t\000a\000\040\000D\000o\000c\000u\000m\000e\000n\000t\000a\000t\000i\000o\000n}{section.5.7}% 83
\BOOKMARK [3][-]{subsubsection.5.7.4.1}{\376\377\0005\000.\0007\000.\0004\000.\0001\000\040\000t\000h\000r\000u\000s\000t}{subsection.5.7.4}% 84
\BOOKMARK [1][-]{section.5.8}{\376\377\0005\000.\0008\000\040\000T\000a\000b\000l\000e\000a\000u\000D\000e\000s\000S\000c\000o\000r\000e\000s\000\040\000C\000l\000a\000s\000s\000\040\000R\000e\000f\000e\000r\000e\000n\000c\000e}{chapter.5}% 85
\BOOKMARK [2][-]{subsection.5.8.1}{\376\377\0005\000.\0008\000.\0001\000\040\000D\000e\000t\000a\000i\000l\000e\000d\000\040\000D\000e\000s\000c\000r\000i\000p\000t\000i\000o\000n}{section.5.8}% 86
\BOOKMARK [2][-]{subsection.5.8.2}{\376\377\0005\000.\0008\000.\0002\000\040\000C\000o\000n\000s\000t\000r\000u\000c\000t\000o\000r\000\040\000\046\000\040\000D\000e\000s\000t\000r\000u\000c\000t\000o\000r\000\040\000D\000o\000c\000u\000m\000e\000n\000t\000a\000t\000i\000o\000n}{section.5.8}% 87
\BOOKMARK [3][-]{subsubsection.5.8.2.1}{\376\377\0005\000.\0008\000.\0002\000.\0001\000\040\000T\000a\000b\000l\000e\000a\000u\000D\000e\000s\000S\000c\000o\000r\000e\000s\000\050\000\051}{subsection.5.8.2}% 88
\BOOKMARK [2][-]{subsection.5.8.3}{\376\377\0005\000.\0008\000.\0003\000\040\000M\000e\000m\000b\000e\000r\000\040\000F\000u\000n\000c\000t\000i\000o\000n\000\040\000D\000o\000c\000u\000m\000e\000n\000t\000a\000t\000i\000o\000n}{section.5.8}% 89
\BOOKMARK [3][-]{subsubsection.5.8.3.1}{\376\377\0005\000.\0008\000.\0003\000.\0001\000\040\000d\000r\000a\000w\000S\000c\000o\000r\000e\000\050\000\051}{subsection.5.8.3}% 90
\BOOKMARK [3][-]{subsubsection.5.8.3.2}{\376\377\0005\000.\0008\000.\0003\000.\0002\000\040\000g\000e\000t\000S\000c\000o\000r\000e\000\050\000\051}{subsection.5.8.3}% 91
\BOOKMARK [3][-]{subsubsection.5.8.3.3}{\376\377\0005\000.\0008\000.\0003\000.\0003\000\040\000i\000n\000c\000r\000e\000a\000s\000e\000S\000c\000o\000r\000e\000\050\000\051}{subsection.5.8.3}% 92
\BOOKMARK [3][-]{subsubsection.5.8.3.4}{\376\377\0005\000.\0008\000.\0003\000.\0004\000\040\000r\000e\000s\000e\000t\000\050\000\051}{subsection.5.8.3}% 93
\BOOKMARK [1][-]{section.5.9}{\376\377\0005\000.\0009\000\040\000t\000i\000r\000\040\000C\000l\000a\000s\000s\000\040\000R\000e\000f\000e\000r\000e\000n\000c\000e}{chapter.5}% 94
\BOOKMARK [2][-]{subsection.5.9.1}{\376\377\0005\000.\0009\000.\0001\000\040\000D\000e\000t\000a\000i\000l\000e\000d\000\040\000D\000e\000s\000c\000r\000i\000p\000t\000i\000o\000n}{section.5.9}% 95
\BOOKMARK [2][-]{subsection.5.9.2}{\376\377\0005\000.\0009\000.\0002\000\040\000C\000o\000n\000s\000t\000r\000u\000c\000t\000o\000r\000\040\000\046\000\040\000D\000e\000s\000t\000r\000u\000c\000t\000o\000r\000\040\000D\000o\000c\000u\000m\000e\000n\000t\000a\000t\000i\000o\000n}{section.5.9}% 96
\BOOKMARK [3][-]{subsubsection.5.9.2.1}{\376\377\0005\000.\0009\000.\0002\000.\0001\000\040\000t\000i\000r\000\050\000\051}{subsection.5.9.2}% 97
\BOOKMARK [2][-]{subsection.5.9.3}{\376\377\0005\000.\0009\000.\0003\000\040\000M\000e\000m\000b\000e\000r\000\040\000F\000u\000n\000c\000t\000i\000o\000n\000\040\000D\000o\000c\000u\000m\000e\000n\000t\000a\000t\000i\000o\000n}{section.5.9}% 98
\BOOKMARK [3][-]{subsubsection.5.9.3.1}{\376\377\0005\000.\0009\000.\0003\000.\0001\000\040\000u\000p\000d\000a\000t\000e\000\050\000\051}{subsection.5.9.3}% 99
\BOOKMARK [0][-]{chapter.6}{\376\377\0006\000\040\000F\000i\000l\000e\000\040\000D\000o\000c\000u\000m\000e\000n\000t\000a\000t\000i\000o\000n}{}% 100
\BOOKMARK [1][-]{section.6.1}{\376\377\0006\000.\0001\000\040\000/\000U\000s\000e\000r\000s\000/\000s\000a\000v\000a\000r\000d\000t\000o\000m\000/\000D\000e\000s\000k\000t\000o\000p\000/\0002\000A\000/\000I\000N\0002\0000\0004\000/\000A\000s\000t\000e\000r\000o\000i\000d\000s\000/\000c\000o\000d\000e\000/\000A\000n\000i\000m\000a\000t\000i\000o\000n\000.\000c\000p\000p\000\040\000F\000i\000l\000e\000\040\000R\000e\000f\000e\000r\000e\000n\000c\000e}{chapter.6}% 101
\BOOKMARK [1][-]{section.6.2}{\376\377\0006\000.\0002\000\040\000A\000n\000i\000m\000a\000t\000i\000o\000n\000.\000c\000p\000p}{chapter.6}% 102
\BOOKMARK [1][-]{section.6.3}{\376\377\0006\000.\0003\000\040\000/\000U\000s\000e\000r\000s\000/\000s\000a\000v\000a\000r\000d\000t\000o\000m\000/\000D\000e\000s\000k\000t\000o\000p\000/\0002\000A\000/\000I\000N\0002\0000\0004\000/\000A\000s\000t\000e\000r\000o\000i\000d\000s\000/\000c\000o\000d\000e\000/\000A\000n\000i\000m\000a\000t\000i\000o\000n\000.\000h\000p\000p\000\040\000F\000i\000l\000e\000\040\000R\000e\000f\000e\000r\000e\000n\000c\000e}{chapter.6}% 103
\BOOKMARK [1][-]{section.6.4}{\376\377\0006\000.\0004\000\040\000A\000n\000i\000m\000a\000t\000i\000o\000n\000.\000h\000p\000p}{chapter.6}% 104
\BOOKMARK [1][-]{section.6.5}{\376\377\0006\000.\0005\000\040\000/\000U\000s\000e\000r\000s\000/\000s\000a\000v\000a\000r\000d\000t\000o\000m\000/\000D\000e\000s\000k\000t\000o\000p\000/\0002\000A\000/\000I\000N\0002\0000\0004\000/\000A\000s\000t\000e\000r\000o\000i\000d\000s\000/\000c\000o\000d\000e\000/\000g\000l\000o\000b\000a\000l\000\137\000v\000a\000r\000i\000a\000b\000l\000e\000s\000.\000c\000p\000p\000\040\000F\000i\000l\000e\000\040\000R\000e\000f\000e\000r\000e\000n\000c\000e}{chapter.6}% 105
\BOOKMARK [2][-]{subsection.6.5.1}{\376\377\0006\000.\0005\000.\0001\000\040\000V\000a\000r\000i\000a\000b\000l\000e\000\040\000D\000o\000c\000u\000m\000e\000n\000t\000a\000t\000i\000o\000n}{section.6.5}% 106
\BOOKMARK [3][-]{subsubsection.6.5.1.1}{\376\377\0006\000.\0005\000.\0001\000.\0001\000\040\000D\000E\000G\000T\000O\000R\000A\000D}{subsection.6.5.1}% 107
\BOOKMARK [3][-]{subsubsection.6.5.1.2}{\376\377\0006\000.\0005\000.\0001\000.\0002\000\040\000H\000a\000u\000t\000e\000u\000r\000F\000e\000n\000e\000t\000r\000e}{subsection.6.5.1}% 108
\BOOKMARK [3][-]{subsubsection.6.5.1.3}{\376\377\0006\000.\0005\000.\0001\000.\0003\000\040\000h\000o\000v\000e\000r\000C\000o\000l\000o\000r}{subsection.6.5.1}% 109
\BOOKMARK [3][-]{subsubsection.6.5.1.4}{\376\377\0006\000.\0005\000.\0001\000.\0004\000\040\000L\000a\000r\000g\000e\000u\000r\000F\000e\000n\000e\000t\000r\000e}{subsection.6.5.1}% 110
\BOOKMARK [3][-]{subsubsection.6.5.1.5}{\376\377\0006\000.\0005\000.\0001\000.\0005\000\040\000N\000o\000m\000b\000r\000e\000A\000s\000t\000e\000r\000o\000i\000d\000e\000S\000t\000a\000r\000t}{subsection.6.5.1}% 111
\BOOKMARK [3][-]{subsubsection.6.5.1.6}{\376\377\0006\000.\0005\000.\0001\000.\0006\000\040\000N\000o\000m\000b\000r\000e\000R\000e\000s\000i\000d\000u}{subsection.6.5.1}% 112
\BOOKMARK [3][-]{subsubsection.6.5.1.7}{\376\377\0006\000.\0005\000.\0001\000.\0007\000\040\000n\000o\000r\000m\000a\000l\000C\000o\000l\000o\000r}{subsection.6.5.1}% 113
\BOOKMARK [3][-]{subsubsection.6.5.1.8}{\376\377\0006\000.\0005\000.\0001\000.\0008\000\040\000T\000e\000m\000p\000s\000\137\000i\000n\000v\000i\000n\000c\000i\000b\000l\000e}{subsection.6.5.1}% 114
\BOOKMARK [3][-]{subsubsection.6.5.1.9}{\376\377\0006\000.\0005\000.\0001\000.\0009\000\040\000V\000o\000l\000u\000m\000e\000G\000e\000n\000e\000r\000a\000l}{subsection.6.5.1}% 115
\BOOKMARK [1][-]{section.6.6}{\376\377\0006\000.\0006\000\040\000g\000l\000o\000b\000a\000l\000\137\000v\000a\000r\000i\000a\000b\000l\000e\000s\000.\000c\000p\000p}{chapter.6}% 116
\BOOKMARK [1][-]{section.6.7}{\376\377\0006\000.\0007\000\040\000/\000U\000s\000e\000r\000s\000/\000s\000a\000v\000a\000r\000d\000t\000o\000m\000/\000D\000e\000s\000k\000t\000o\000p\000/\0002\000A\000/\000I\000N\0002\0000\0004\000/\000A\000s\000t\000e\000r\000o\000i\000d\000s\000/\000c\000o\000d\000e\000/\000g\000l\000o\000b\000a\000l\000\137\000v\000a\000r\000i\000a\000b\000l\000e\000s\000.\000h\000p\000p\000\040\000F\000i\000l\000e\000\040\000R\000e\000f\000e\000r\000e\000n\000c\000e}{chapter.6}% 117
\BOOKMARK [2][-]{subsection.6.7.1}{\376\377\0006\000.\0007\000.\0001\000\040\000V\000a\000r\000i\000a\000b\000l\000e\000\040\000D\000o\000c\000u\000m\000e\000n\000t\000a\000t\000i\000o\000n}{section.6.7}% 118
\BOOKMARK [3][-]{subsubsection.6.7.1.1}{\376\377\0006\000.\0007\000.\0001\000.\0001\000\040\000D\000E\000G\000T\000O\000R\000A\000D}{subsection.6.7.1}% 119
\BOOKMARK [3][-]{subsubsection.6.7.1.2}{\376\377\0006\000.\0007\000.\0001\000.\0002\000\040\000H\000a\000u\000t\000e\000u\000r\000F\000e\000n\000e\000t\000r\000e}{subsection.6.7.1}% 120
\BOOKMARK [3][-]{subsubsection.6.7.1.3}{\376\377\0006\000.\0007\000.\0001\000.\0003\000\040\000h\000o\000v\000e\000r\000C\000o\000l\000o\000r}{subsection.6.7.1}% 121
\BOOKMARK [3][-]{subsubsection.6.7.1.4}{\376\377\0006\000.\0007\000.\0001\000.\0004\000\040\000L\000a\000r\000g\000e\000u\000r\000F\000e\000n\000e\000t\000r\000e}{subsection.6.7.1}% 122
\BOOKMARK [3][-]{subsubsection.6.7.1.5}{\376\377\0006\000.\0007\000.\0001\000.\0005\000\040\000N\000o\000m\000b\000r\000e\000A\000s\000t\000e\000r\000o\000i\000d\000e\000S\000t\000a\000r\000t}{subsection.6.7.1}% 123
\BOOKMARK [3][-]{subsubsection.6.7.1.6}{\376\377\0006\000.\0007\000.\0001\000.\0006\000\040\000N\000o\000m\000b\000r\000e\000R\000e\000s\000i\000d\000u}{subsection.6.7.1}% 124
\BOOKMARK [3][-]{subsubsection.6.7.1.7}{\376\377\0006\000.\0007\000.\0001\000.\0007\000\040\000n\000o\000r\000m\000a\000l\000C\000o\000l\000o\000r}{subsection.6.7.1}% 125
\BOOKMARK [3][-]{subsubsection.6.7.1.8}{\376\377\0006\000.\0007\000.\0001\000.\0008\000\040\000T\000e\000m\000p\000s\000\137\000i\000n\000v\000i\000n\000c\000i\000b\000l\000e}{subsection.6.7.1}% 126
\BOOKMARK [3][-]{subsubsection.6.7.1.9}{\376\377\0006\000.\0007\000.\0001\000.\0009\000\040\000V\000o\000l\000u\000m\000e\000G\000e\000n\000e\000r\000a\000l}{subsection.6.7.1}% 127
\BOOKMARK [1][-]{section.6.8}{\376\377\0006\000.\0008\000\040\000g\000l\000o\000b\000a\000l\000\137\000v\000a\000r\000i\000a\000b\000l\000e\000s\000.\000h\000p\000p}{chapter.6}% 128
\BOOKMARK [1][-]{section.6.9}{\376\377\0006\000.\0009\000\040\000/\000U\000s\000e\000r\000s\000/\000s\000a\000v\000a\000r\000d\000t\000o\000m\000/\000D\000e\000s\000k\000t\000o\000p\000/\0002\000A\000/\000I\000N\0002\0000\0004\000/\000A\000s\000t\000e\000r\000o\000i\000d\000s\000/\000c\000o\000d\000e\000/\000i\000n\000t\000e\000r\000f\000a\000c\000e\000/\000G\000a\000m\000e\000O\000v\000e\000r\000.\000c\000p\000p\000\040\000F\000i\000l\000e\000\040\000R\000e\000f\000e\000r\000e\000n\000c\000e}{chapter.6}% 129
\BOOKMARK [1][-]{section.6.10}{\376\377\0006\000.\0001\0000\000\040\000G\000a\000m\000e\000O\000v\000e\000r\000.\000c\000p\000p}{chapter.6}% 130
\BOOKMARK [1][-]{section.6.11}{\376\377\0006\000.\0001\0001\000\040\000/\000U\000s\000e\000r\000s\000/\000s\000a\000v\000a\000r\000d\000t\000o\000m\000/\000D\000e\000s\000k\000t\000o\000p\000/\0002\000A\000/\000I\000N\0002\0000\0004\000/\000A\000s\000t\000e\000r\000o\000i\000d\000s\000/\000c\000o\000d\000e\000/\000i\000n\000t\000e\000r\000f\000a\000c\000e\000/\000G\000a\000m\000e\000O\000v\000e\000r\000.\000h\000p\000p\000\040\000F\000i\000l\000e\000\040\000R\000e\000f\000e\000r\000e\000n\000c\000e}{chapter.6}% 131
\BOOKMARK [1][-]{section.6.12}{\376\377\0006\000.\0001\0002\000\040\000G\000a\000m\000e\000O\000v\000e\000r\000.\000h\000p\000p}{chapter.6}% 132
\BOOKMARK [1][-]{section.6.13}{\376\377\0006\000.\0001\0003\000\040\000/\000U\000s\000e\000r\000s\000/\000s\000a\000v\000a\000r\000d\000t\000o\000m\000/\000D\000e\000s\000k\000t\000o\000p\000/\0002\000A\000/\000I\000N\0002\0000\0004\000/\000A\000s\000t\000e\000r\000o\000i\000d\000s\000/\000c\000o\000d\000e\000/\000i\000n\000t\000e\000r\000f\000a\000c\000e\000/\000G\000a\000m\000e\000O\000v\000e\000r\000M\000u\000l\000t\000i\000.\000c\000p\000p\000\040\000F\000i\000l\000e\000\040\000R\000e\000f\000e\000r\000e\000n\000c\000e}{chapter.6}% 133
\BOOKMARK [1][-]{section.6.14}{\376\377\0006\000.\0001\0004\000\040\000G\000a\000m\000e\000O\000v\000e\000r\000M\000u\000l\000t\000i\000.\000c\000p\000p}{chapter.6}% 134
\BOOKMARK [1][-]{section.6.15}{\376\377\0006\000.\0001\0005\000\040\000/\000U\000s\000e\000r\000s\000/\000s\000a\000v\000a\000r\000d\000t\000o\000m\000/\000D\000e\000s\000k\000t\000o\000p\000/\0002\000A\000/\000I\000N\0002\0000\0004\000/\000A\000s\000t\000e\000r\000o\000i\000d\000s\000/\000c\000o\000d\000e\000/\000i\000n\000t\000e\000r\000f\000a\000c\000e\000/\000G\000a\000m\000e\000O\000v\000e\000r\000M\000u\000l\000t\000i\000.\000h\000p\000p\000\040\000F\000i\000l\000e\000\040\000R\000e\000f\000e\000r\000e\000n\000c\000e}{chapter.6}% 135
\BOOKMARK [1][-]{section.6.16}{\376\377\0006\000.\0001\0006\000\040\000G\000a\000m\000e\000O\000v\000e\000r\000M\000u\000l\000t\000i\000.\000h\000p\000p}{chapter.6}% 136
\BOOKMARK [1][-]{section.6.17}{\376\377\0006\000.\0001\0007\000\040\000/\000U\000s\000e\000r\000s\000/\000s\000a\000v\000a\000r\000d\000t\000o\000m\000/\000D\000e\000s\000k\000t\000o\000p\000/\0002\000A\000/\000I\000N\0002\0000\0004\000/\000A\000s\000t\000e\000r\000o\000i\000d\000s\000/\000c\000o\000d\000e\000/\000i\000n\000t\000e\000r\000f\000a\000c\000e\000/\000M\000e\000n\000u\000.\000c\000p\000p\000\040\000F\000i\000l\000e\000\040\000R\000e\000f\000e\000r\000e\000n\000c\000e}{chapter.6}% 137
\BOOKMARK [1][-]{section.6.18}{\376\377\0006\000.\0001\0008\000\040\000M\000e\000n\000u\000.\000c\000p\000p}{chapter.6}% 138
\BOOKMARK [1][-]{section.6.19}{\376\377\0006\000.\0001\0009\000\040\000/\000U\000s\000e\000r\000s\000/\000s\000a\000v\000a\000r\000d\000t\000o\000m\000/\000D\000e\000s\000k\000t\000o\000p\000/\0002\000A\000/\000I\000N\0002\0000\0004\000/\000A\000s\000t\000e\000r\000o\000i\000d\000s\000/\000c\000o\000d\000e\000/\000i\000n\000t\000e\000r\000f\000a\000c\000e\000/\000M\000e\000n\000u\000.\000h\000p\000p\000\040\000F\000i\000l\000e\000\040\000R\000e\000f\000e\000r\000e\000n\000c\000e}{chapter.6}% 139
\BOOKMARK [1][-]{section.6.20}{\376\377\0006\000.\0002\0000\000\040\000M\000e\000n\000u\000.\000h\000p\000p}{chapter.6}% 140
\BOOKMARK [1][-]{section.6.21}{\376\377\0006\000.\0002\0001\000\040\000/\000U\000s\000e\000r\000s\000/\000s\000a\000v\000a\000r\000d\000t\000o\000m\000/\000D\000e\000s\000k\000t\000o\000p\000/\0002\000A\000/\000I\000N\0002\0000\0004\000/\000A\000s\000t\000e\000r\000o\000i\000d\000s\000/\000c\000o\000d\000e\000/\000i\000n\000t\000e\000r\000f\000a\000c\000e\000/\000T\000a\000b\000l\000e\000a\000u\000D\000e\000s\000S\000c\000o\000r\000e\000s\000.\000c\000p\000p\000\040\000F\000i\000l\000e\000\040\000R\000e\000f\000e\000r\000e\000n\000c\000e}{chapter.6}% 141
\BOOKMARK [1][-]{section.6.22}{\376\377\0006\000.\0002\0002\000\040\000T\000a\000b\000l\000e\000a\000u\000D\000e\000s\000S\000c\000o\000r\000e\000s\000.\000c\000p\000p}{chapter.6}% 142
\BOOKMARK [1][-]{section.6.23}{\376\377\0006\000.\0002\0003\000\040\000/\000U\000s\000e\000r\000s\000/\000s\000a\000v\000a\000r\000d\000t\000o\000m\000/\000D\000e\000s\000k\000t\000o\000p\000/\0002\000A\000/\000I\000N\0002\0000\0004\000/\000A\000s\000t\000e\000r\000o\000i\000d\000s\000/\000c\000o\000d\000e\000/\000i\000n\000t\000e\000r\000f\000a\000c\000e\000/\000T\000a\000b\000l\000e\000a\000u\000D\000e\000s\000S\000c\000o\000r\000e\000s\000.\000h\000p\000p\000\040\000F\000i\000l\000e\000\040\000R\000e\000f\000e\000r\000e\000n\000c\000e}{chapter.6}% 143
\BOOKMARK [1][-]{section.6.24}{\376\377\0006\000.\0002\0004\000\040\000T\000a\000b\000l\000e\000a\000u\000D\000e\000s\000S\000c\000o\000r\000e\000s\000.\000h\000p\000p}{chapter.6}% 144
\BOOKMARK [1][-]{section.6.25}{\376\377\0006\000.\0002\0005\000\040\000/\000U\000s\000e\000r\000s\000/\000s\000a\000v\000a\000r\000d\000t\000o\000m\000/\000D\000e\000s\000k\000t\000o\000p\000/\0002\000A\000/\000I\000N\0002\0000\0004\000/\000A\000s\000t\000e\000r\000o\000i\000d\000s\000/\000c\000o\000d\000e\000/\000m\000a\000i\000n\000.\000c\000p\000p\000\040\000F\000i\000l\000e\000\040\000R\000e\000f\000e\000r\000e\000n\000c\000e}{chapter.6}% 145
\BOOKMARK [2][-]{subsection.6.25.1}{\376\377\0006\000.\0002\0005\000.\0001\000\040\000F\000u\000n\000c\000t\000i\000o\000n\000\040\000D\000o\000c\000u\000m\000e\000n\000t\000a\000t\000i\000o\000n}{section.6.25}% 146
\BOOKMARK [3][-]{subsubsection.6.25.1.1}{\376\377\0006\000.\0002\0005\000.\0001\000.\0001\000\040\000i\000s\000C\000o\000l\000l\000i\000d\000e\000\050\000\051}{subsection.6.25.1}% 147
\BOOKMARK [3][-]{subsubsection.6.25.1.2}{\376\377\0006\000.\0002\0005\000.\0001\000.\0002\000\040\000m\000a\000i\000n\000\050\000\051}{subsection.6.25.1}% 148
\BOOKMARK [1][-]{section.6.26}{\376\377\0006\000.\0002\0006\000\040\000m\000a\000i\000n\000.\000c\000p\000p}{chapter.6}% 149
\BOOKMARK [1][-]{section.6.27}{\376\377\0006\000.\0002\0007\000\040\000/\000U\000s\000e\000r\000s\000/\000s\000a\000v\000a\000r\000d\000t\000o\000m\000/\000D\000e\000s\000k\000t\000o\000p\000/\0002\000A\000/\000I\000N\0002\0000\0004\000/\000A\000s\000t\000e\000r\000o\000i\000d\000s\000/\000c\000o\000d\000e\000/\000m\000a\000i\000n\000p\000a\000g\000e\000.\000h\000\040\000F\000i\000l\000e\000\040\000R\000e\000f\000e\000r\000e\000n\000c\000e}{chapter.6}% 150
\BOOKMARK [1][-]{section.6.28}{\376\377\0006\000.\0002\0008\000\040\000m\000a\000i\000n\000p\000a\000g\000e\000.\000h}{chapter.6}% 151
\BOOKMARK [1][-]{section.6.29}{\376\377\0006\000.\0002\0009\000\040\000/\000U\000s\000e\000r\000s\000/\000s\000a\000v\000a\000r\000d\000t\000o\000m\000/\000D\000e\000s\000k\000t\000o\000p\000/\0002\000A\000/\000I\000N\0002\0000\0004\000/\000A\000s\000t\000e\000r\000o\000i\000d\000s\000/\000c\000o\000d\000e\000/\000o\000b\000j\000e\000t\000/\000a\000s\000t\000e\000r\000o\000i\000d\000e\000.\000c\000p\000p\000\040\000F\000i\000l\000e\000\040\000R\000e\000f\000e\000r\000e\000n\000c\000e}{chapter.6}% 152
\BOOKMARK [1][-]{section.6.30}{\376\377\0006\000.\0003\0000\000\040\000a\000s\000t\000e\000r\000o\000i\000d\000e\000.\000c\000p\000p}{chapter.6}% 153
\BOOKMARK [1][-]{section.6.31}{\376\377\0006\000.\0003\0001\000\040\000/\000U\000s\000e\000r\000s\000/\000s\000a\000v\000a\000r\000d\000t\000o\000m\000/\000D\000e\000s\000k\000t\000o\000p\000/\0002\000A\000/\000I\000N\0002\0000\0004\000/\000A\000s\000t\000e\000r\000o\000i\000d\000s\000/\000c\000o\000d\000e\000/\000o\000b\000j\000e\000t\000/\000a\000s\000t\000e\000r\000o\000i\000d\000e\000.\000h\000p\000p\000\040\000F\000i\000l\000e\000\040\000R\000e\000f\000e\000r\000e\000n\000c\000e}{chapter.6}% 154
\BOOKMARK [1][-]{section.6.32}{\376\377\0006\000.\0003\0002\000\040\000a\000s\000t\000e\000r\000o\000i\000d\000e\000.\000h\000p\000p}{chapter.6}% 155
\BOOKMARK [1][-]{section.6.33}{\376\377\0006\000.\0003\0003\000\040\000/\000U\000s\000e\000r\000s\000/\000s\000a\000v\000a\000r\000d\000t\000o\000m\000/\000D\000e\000s\000k\000t\000o\000p\000/\0002\000A\000/\000I\000N\0002\0000\0004\000/\000A\000s\000t\000e\000r\000o\000i\000d\000s\000/\000c\000o\000d\000e\000/\000o\000b\000j\000e\000t\000/\000E\000n\000t\000i\000t\000e\000.\000c\000p\000p\000\040\000F\000i\000l\000e\000\040\000R\000e\000f\000e\000r\000e\000n\000c\000e}{chapter.6}% 156
\BOOKMARK [1][-]{section.6.34}{\376\377\0006\000.\0003\0004\000\040\000E\000n\000t\000i\000t\000e\000.\000c\000p\000p}{chapter.6}% 157
\BOOKMARK [1][-]{section.6.35}{\376\377\0006\000.\0003\0005\000\040\000/\000U\000s\000e\000r\000s\000/\000s\000a\000v\000a\000r\000d\000t\000o\000m\000/\000D\000e\000s\000k\000t\000o\000p\000/\0002\000A\000/\000I\000N\0002\0000\0004\000/\000A\000s\000t\000e\000r\000o\000i\000d\000s\000/\000c\000o\000d\000e\000/\000o\000b\000j\000e\000t\000/\000E\000n\000t\000i\000t\000e\000.\000h\000p\000p\000\040\000F\000i\000l\000e\000\040\000R\000e\000f\000e\000r\000e\000n\000c\000e}{chapter.6}% 158
\BOOKMARK [1][-]{section.6.36}{\376\377\0006\000.\0003\0006\000\040\000E\000n\000t\000i\000t\000e\000.\000h\000p\000p}{chapter.6}% 159
\BOOKMARK [1][-]{section.6.37}{\376\377\0006\000.\0003\0007\000\040\000/\000U\000s\000e\000r\000s\000/\000s\000a\000v\000a\000r\000d\000t\000o\000m\000/\000D\000e\000s\000k\000t\000o\000p\000/\0002\000A\000/\000I\000N\0002\0000\0004\000/\000A\000s\000t\000e\000r\000o\000i\000d\000s\000/\000c\000o\000d\000e\000/\000o\000b\000j\000e\000t\000/\000p\000l\000a\000y\000e\000r\000.\000c\000p\000p\000\040\000F\000i\000l\000e\000\040\000R\000e\000f\000e\000r\000e\000n\000c\000e}{chapter.6}% 160
\BOOKMARK [1][-]{section.6.38}{\376\377\0006\000.\0003\0008\000\040\000p\000l\000a\000y\000e\000r\000.\000c\000p\000p}{chapter.6}% 161
\BOOKMARK [1][-]{section.6.39}{\376\377\0006\000.\0003\0009\000\040\000/\000U\000s\000e\000r\000s\000/\000s\000a\000v\000a\000r\000d\000t\000o\000m\000/\000D\000e\000s\000k\000t\000o\000p\000/\0002\000A\000/\000I\000N\0002\0000\0004\000/\000A\000s\000t\000e\000r\000o\000i\000d\000s\000/\000c\000o\000d\000e\000/\000o\000b\000j\000e\000t\000/\000p\000l\000a\000y\000e\000r\000.\000h\000p\000p\000\040\000F\000i\000l\000e\000\040\000R\000e\000f\000e\000r\000e\000n\000c\000e}{chapter.6}% 162
\BOOKMARK [1][-]{section.6.40}{\376\377\0006\000.\0004\0000\000\040\000p\000l\000a\000y\000e\000r\000.\000h\000p\000p}{chapter.6}% 163
\BOOKMARK [1][-]{section.6.41}{\376\377\0006\000.\0004\0001\000\040\000/\000U\000s\000e\000r\000s\000/\000s\000a\000v\000a\000r\000d\000t\000o\000m\000/\000D\000e\000s\000k\000t\000o\000p\000/\0002\000A\000/\000I\000N\0002\0000\0004\000/\000A\000s\000t\000e\000r\000o\000i\000d\000s\000/\000c\000o\000d\000e\000/\000o\000b\000j\000e\000t\000/\000t\000i\000r\000.\000c\000p\000p\000\040\000F\000i\000l\000e\000\040\000R\000e\000f\000e\000r\000e\000n\000c\000e}{chapter.6}% 164
\BOOKMARK [1][-]{section.6.42}{\376\377\0006\000.\0004\0002\000\040\000t\000i\000r\000.\000c\000p\000p}{chapter.6}% 165
\BOOKMARK [1][-]{section.6.43}{\376\377\0006\000.\0004\0003\000\040\000/\000U\000s\000e\000r\000s\000/\000s\000a\000v\000a\000r\000d\000t\000o\000m\000/\000D\000e\000s\000k\000t\000o\000p\000/\0002\000A\000/\000I\000N\0002\0000\0004\000/\000A\000s\000t\000e\000r\000o\000i\000d\000s\000/\000c\000o\000d\000e\000/\000o\000b\000j\000e\000t\000/\000t\000i\000r\000.\000h\000p\000p\000\040\000F\000i\000l\000e\000\040\000R\000e\000f\000e\000r\000e\000n\000c\000e}{chapter.6}% 166
\BOOKMARK [1][-]{section.6.44}{\376\377\0006\000.\0004\0004\000\040\000t\000i\000r\000.\000h\000p\000p}{chapter.6}% 167
\BOOKMARK [0][-]{section*.31}{\376\377\000I\000n\000d\000e\000x}{}% 168
